<?xml version="1.0" encoding="UTF-8"?>
<testsuite xmlns:xsi="http://www.w3.org/2001/XMLSchema-instance" xsi:noNamespaceSchemaLocation="https://maven.apache.org/surefire/maven-surefire-plugin/xsd/surefire-test-report.xsd" version="3.0.1" name="com.logistics.identity.domain.entity.UserTest" time="0.38" tests="8" errors="0" skipped="0" failures="0">
  <properties>
[...]
</properties>
  <testcase name="shouldRejectBlankEmail" classname="com.logistics.identity.domain.entity.UserTest" time="0.157"/>
  <testcase name="shouldChangeEmail" classname="com.logistics.identity.domain.entity.UserTest" time="0.011"/>
  <testcase name="shouldRejectBlankDisplayName" classname="com.logistics.identity.domain.entity.UserTest" time="0.006"/>
  <testcase name="shouldCreateUserInInvitedStatus" classname="com.logistics.identity.domain.entity.UserTest" time="0.093"/>
  <testcase name="shouldRejectNullUserId" classname="com.logistics.identity.domain.entity.UserTest" time="0.007"/>
  <testcase name="shouldChangeLifecycleStatus" classname="com.logistics.identity.domain.entity.UserTest" time="0.002"/>
  <testcase name="shouldRejectNullTenantId" classname="com.logistics.identity.domain.entity.UserTest" time="0.006"/>
  <testcase name="shouldChangeDisplayName" classname="com.logistics.identity.domain.entity.UserTest" time="0.012"/>
</testsuite>